<?xml version="1.0" encoding="UTF-8"?>
<testsuite xmlns:xsi="http://www.w3.org/2001/XMLSchema-instance" xsi:noNamespaceSchemaLocation="https://maven.apache.org/surefire/maven-surefire-plugin/xsd/surefire-test-report.xsd" version="3.0.2" name="com.pharmacy.service.DrugServiceTest" time="0.15" tests="5" errors="0" skipped="0" failures="0">
  <properties>
[...]
</properties>
  <testcase name="testFindByBarcode" classname="com.pharmacy.service.DrugServiceTest" time="0.141"/>
  <testcase name="testSoftDelete" classname="com.pharmacy.service.DrugServiceTest" time="0.003"/>
  <testcase name="testSave" classname="com.pharmacy.service.DrugServiceTest" time="0.002"/>
  <testcase name="testFindAllActive" classname="com.pharmacy.service.DrugServiceTest" time="0.001"/>
  <testcase name="testFindByBarcodeNotFound" classname="com.pharmacy.service.DrugServiceTest" time="0.001"/>
</testsuite>